<?xml version="1.0" encoding="UTF-8"?>
<!-- Generated by org.testng.reporters.JUnitXMLReporter -->
<testsuite hostname="HMECL003023" name="Test" tests="4" failures="0" timestamp="29 Jul 2020 08:03:10 GMT" time="31.863" errors="0">
  <testcase name="Google" time="11.755" classname="testcases.Amazon"/>
  <testcase name="LaunchApp" time="6.759" classname="testcases.HRMSLogin"/>
  <testcase name="login" time="6.006" classname="testcases.HRMSLogin"/>
  <testcase name="logout" time="3.36" classname="testcases.HRMSLogin"/>
</testsuite> <!-- Test -->
